
**** Build of configuration Debug for project app_cpu1 ****

make all 
Building file: ../src/cpu1_uc.c
Invoking: ARM gcc compiler
arm-xilinx-eabi-gcc -Wall -O0 -g3 -c -fmessage-length=0 -I../../app_cpu1_bsp/ps7_cortexa9_1/include -MMD -MP -MF"src/cpu1_uc.d" -MT"src/cpu1_uc.d" -o"src/cpu1_uc.o" "../src/cpu1_uc.c"
cygwin warning:
  MS-DOS style path detected: C:\temp\INF3610_Lab2\workspace\app_cpu1\Debug
  Preferred POSIX equivalent is: /cygdrive/c/temp/INF3610_Lab2/workspace/app_cpu1/Debug
  CYGWIN environment variable option "nodosfilewarning" turns off this warning.
  Consult the user's guide for more details about POSIX paths:
    http://cygwin.com/cygwin-ug-net/using.html#using-pathnames
../src/cpu1_uc.c: In function 'create_events':
../src/cpu1_uc.c:97:2: warning: passing argument 2 of 'OSMutexCreate' makes pointer from integer without a cast [enabled by default]
../../app_cpu1_bsp/ps7_cortexa9_1/include/ucos_ii.h:911:15: note: expected 'INT8U *' but argument is of type 'int'
../src/cpu1_uc.c: In function 'TaskReceivePacket':
../src/cpu1_uc.c:184:6: warning: unused variable 'k' [-Wunused-variable]
../src/cpu1_uc.c: In function 'TaskStop':
../src/cpu1_uc.c:291:8: warning: unused variable 'err' [-Wunused-variable]
../src/cpu1_uc.c: In function 'TaskForwarding':
../src/cpu1_uc.c:404:3: warning: this decimal constant is unsigned only in ISO C90 [enabled by default]
../src/cpu1_uc.c:404:3: warning: this decimal constant is unsigned only in ISO C90 [enabled by default]
../src/cpu1_uc.c:408:3: warning: this decimal constant is unsigned only in ISO C90 [enabled by default]
../src/cpu1_uc.c:408:3: warning: this decimal constant is unsigned only in ISO C90 [enabled by default]
../src/cpu1_uc.c: In function 'TaskStats':
../src/cpu1_uc.c:423:8: warning: unused variable 'err' [-Wunused-variable]
../src/cpu1_uc.c: In function 'TaskPrint':
../src/cpu1_uc.c:447:3: warning: passing argument 3 of 'OSMboxPend' makes pointer from integer without a cast [enabled by default]
../../app_cpu1_bsp/ps7_cortexa9_1/include/ucos_ii.h:837:15: note: expected 'INT8U *' but argument is of type 'INT8U'
../src/cpu1_uc.c:450:3: warning: passing argument 3 of 'OSMutexPend' makes pointer from integer without a cast [enabled by default]
../../app_cpu1_bsp/ps7_cortexa9_1/include/ucos_ii.h:920:15: note: expected 'INT8U *' but argument is of type 'INT8U'
../src/cpu1_uc.c:447:22: warning: 'err' is used uninitialized in this function [-Wuninitialized]
../src/cpu1_uc.c: In function 'create_events':
../src/cpu1_uc.c:97:28: warning: 'err' is used uninitialized in this function [-Wuninitialized]
Finished building: ../src/cpu1_uc.c
 
Building target: app_cpu1.elf
Invoking: ARM gcc linker
arm-xilinx-eabi-gcc -Wl,-T -Wl,../src/lscript.ld -L../../app_cpu1_bsp/ps7_cortexa9_1/lib -o"app_cpu1.elf"  ./src/bsp_init.o ./src/cpu1_uc.o   -Wl,--start-group,-lxil,-lgcc,-lc,--end-group
cygwin warning:
  MS-DOS style path detected: C:\temp\INF3610_Lab2\workspace\app_cpu1\Debug
  Preferred POSIX equivalent is: /cygdrive/c/temp/INF3610_Lab2/workspace/app_cpu1/Debug
  CYGWIN environment variable option "nodosfilewarning" turns off this warning.
  Consult the user's guide for more details about POSIX paths:
    http://cygwin.com/cygwin-ug-net/using.html#using-pathnames
Finished building target: app_cpu1.elf
 
make --no-print-directory post-build
C:\temp\INF3610_Lab2\workspace\app_cpu1\Debug/../deploy2SD.bat Debug
process_begin: CreateProcess(C:\temp\INF3610_Lab2\workspace\app_cpu1\deploy2SD.bat, C:\temp\INF3610_Lab2\workspace\app_cpu1\Debug/../deploy2SD.bat Debug, ...) failed.
make (e=5): Accès refusé.

make[1]: [post-build] Erreur 5 (ignorée)
 
Invoking: ARM Print Size
arm-xilinx-eabi-size app_cpu1.elf  |tee "app_cpu1.elf.size"
cygwin warning:
  MS-DOS style path detected: C:\temp\INF3610_Lab2\workspace\app_cpu1\Debug
  Preferred POSIX equivalent is: /cygdrive/c/temp/INF3610_Lab2/workspace/app_cpu1/Debug
  CYGWIN environment variable option "nodosfilewarning" turns off this warning.
  Consult the user's guide for more details about POSIX paths:
    http://cygwin.com/cygwin-ug-net/using.html#using-pathnames
   text	   data	    bss	    dec	    hex	filename
  72988	   2976	6595408	6671372	 65cc0c	app_cpu1.elf
Finished building: app_cpu1.elf.size
 
